<!DOCTYPE html PUBLIC "-//W3C//DTD XHTML 1.1//EN" "http://www.w3.org/TR/xhtml11/DTD/xhtml11.dtd">
<html xmlns="http://www.w3.org/1999/xhtml">
<head>
<meta http-equiv="content-type" content="text/html; charset=UTF-8"/>
<title>TestNG Report</title>
<style type="text/css">table {margin-bottom:10px;border-collapse:collapse;empty-cells:show}th,td {border:1px solid #009;padding:.25em .5em}th {vertical-align:bottom}td {vertical-align:top}table a {font-weight:bold}.stripe td {background-color: #E6EBF9}.num {text-align:right}.passedodd td {background-color: #3F3}.passedeven td {background-color: #0A0}.skippedodd td {background-color: #DDD}.skippedeven td {background-color: #CCC}.failedodd td,.attn {background-color: #F33}.failedeven td,.stripe .attn {background-color: #D00}.stacktrace {white-space:pre;font-family:monospace}.totop {font-size:85%;text-align:center;border-bottom:2px solid #000}.invisible {display:none}</style>
</head>
<body>
<table>
<tr><th>Test</th><th># Passed</th><th># Skipped</th><th># Failed</th><th>Time (ms)</th><th>Included Groups</th><th>Excluded Groups</th></tr>
<tr><th colspan="7">Flipkart-Testcases</th></tr>
<tr><td><a href="#t0">AllTestScenarios</a></td><td class="num">0</td><td class="num attn">3</td><td class="num">0</td><td class="num">142</td><td></td><td></td></tr>
</table>
<table id='summary'><thead><tr><th>Class</th><th>Method</th><th>Start</th><th>Time (ms)</th></tr></thead><tbody><tr><th colspan="4">Flipkart-Testcases</th></tr></tbody><tbody id="t0"><tr><th colspan="4">AllTestScenarios &#8212; failed (configuration methods)</th></tr><tr class="failedeven"><td rowspan="1">mainTestCases.Addtocart</td><td><a href="#m0">ChromeBrowserSetup</a></td><td rowspan="1">1607670034902</td><td rowspan="1">4</td></tr><tr class="failedodd"><td rowspan="2">mainTestCases.Flipkart_login</td><td><a href="#m1">ChromeBrowserSetup</a></td><td rowspan="1">1607670034793</td><td rowspan="1">77</td></tr><tr class="failedodd"><td><a href="#m2">closebrowser</a></td><td rowspan="1">1607670035372</td><td rowspan="1">0</td></tr><tr><th colspan="4">AllTestScenarios &#8212; skipped</th></tr><tr class="skippedeven"><td rowspan="2">mainTestCases.Addtocart</td><td><a href="#m3">addtocart</a></td><td rowspan="1">1607670034919</td><td rowspan="1">0</td></tr><tr class="skippedeven"><td><a href="#m4">login</a></td><td rowspan="1">1607670034916</td><td rowspan="1">0</td></tr><tr class="skippedodd"><td rowspan="1">mainTestCases.Flipkart_login</td><td><a href="#m5">login_usecases</a></td><td rowspan="1">1607670034897</td><td rowspan="1">0</td></tr></tbody>
</table>
<h2>AllTestScenarios</h2><h3 id="m0">mainTestCases.Addtocart#ChromeBrowserSetup</h3><table class="result"><tr><th>Exception</th></tr><tr><td><div class="stacktrace">java.lang.IllegalStateException: The driver executable does not exist: C:\Users\Admin\eclipse-workspace\FLipkart\.\src\Drivers&amp;Files\chromedriver.exe
	at com.google.common.base.Preconditions.checkState(Preconditions.java:585)
	at org.openqa.selenium.remote.service.DriverService.checkExecutable(DriverService.java:146)
	at org.openqa.selenium.remote.service.DriverService.findExecutable(DriverService.java:141)
	at org.openqa.selenium.chrome.ChromeDriverService.access$000(ChromeDriverService.java:35)
	at org.openqa.selenium.chrome.ChromeDriverService$Builder.findDefaultExecutable(ChromeDriverService.java:159)
	at org.openqa.selenium.remote.service.DriverService$Builder.build(DriverService.java:355)
	at org.openqa.selenium.chrome.ChromeDriverService.createDefaultService(ChromeDriverService.java:94)
	at org.openqa.selenium.chrome.ChromeDriver.&lt;init&gt;(ChromeDriver.java:123)
	at common.BaseClass.ChromeBrowserSetup(BaseClass.java:18)
... Removed 26 stack frames</div></td></tr></table><p class="totop"><a href="#summary">back to summary</a></p>
<h3 id="m1">mainTestCases.Flipkart_login#ChromeBrowserSetup</h3><table class="result"><tr><th>Exception</th></tr><tr><td><div class="stacktrace">java.lang.IllegalStateException: The driver executable does not exist: C:\Users\Admin\eclipse-workspace\FLipkart\.\src\Drivers&amp;Files\chromedriver.exe
	at com.google.common.base.Preconditions.checkState(Preconditions.java:585)
	at org.openqa.selenium.remote.service.DriverService.checkExecutable(DriverService.java:146)
	at org.openqa.selenium.remote.service.DriverService.findExecutable(DriverService.java:141)
	at org.openqa.selenium.chrome.ChromeDriverService.access$000(ChromeDriverService.java:35)
	at org.openqa.selenium.chrome.ChromeDriverService$Builder.findDefaultExecutable(ChromeDriverService.java:159)
	at org.openqa.selenium.remote.service.DriverService$Builder.build(DriverService.java:355)
	at org.openqa.selenium.chrome.ChromeDriverService.createDefaultService(ChromeDriverService.java:94)
	at org.openqa.selenium.chrome.ChromeDriver.&lt;init&gt;(ChromeDriver.java:123)
	at common.BaseClass.ChromeBrowserSetup(BaseClass.java:18)
... Removed 26 stack frames</div></td></tr></table><p class="totop"><a href="#summary">back to summary</a></p>
<h3 id="m2">mainTestCases.Flipkart_login#closebrowser</h3><table class="result"><tr><th>Exception</th></tr><tr><td><div class="stacktrace">java.lang.NullPointerException
	at common.BaseClass.closebrowser(BaseClass.java:26)
... Removed 20 stack frames</div></td></tr></table><p class="totop"><a href="#summary">back to summary</a></p>
<h3 id="m3">mainTestCases.Addtocart#addtocart</h3><table class="result"><tr><th>Exception</th></tr><tr><td><div class="stacktrace">java.lang.IllegalStateException: The driver executable does not exist: C:\Users\Admin\eclipse-workspace\FLipkart\.\src\Drivers&amp;Files\chromedriver.exe
	at com.google.common.base.Preconditions.checkState(Preconditions.java:585)
	at org.openqa.selenium.remote.service.DriverService.checkExecutable(DriverService.java:146)
	at org.openqa.selenium.remote.service.DriverService.findExecutable(DriverService.java:141)
	at org.openqa.selenium.chrome.ChromeDriverService.access$000(ChromeDriverService.java:35)
	at org.openqa.selenium.chrome.ChromeDriverService$Builder.findDefaultExecutable(ChromeDriverService.java:159)
	at org.openqa.selenium.remote.service.DriverService$Builder.build(DriverService.java:355)
	at org.openqa.selenium.chrome.ChromeDriverService.createDefaultService(ChromeDriverService.java:94)
	at org.openqa.selenium.chrome.ChromeDriver.&lt;init&gt;(ChromeDriver.java:123)
	at common.BaseClass.ChromeBrowserSetup(BaseClass.java:18)
... Removed 26 stack frames</div></td></tr></table><p class="totop"><a href="#summary">back to summary</a></p>
<h3 id="m4">mainTestCases.Addtocart#login</h3><table class="result"><tr><th>Exception</th></tr><tr><td><div class="stacktrace">java.lang.IllegalStateException: The driver executable does not exist: C:\Users\Admin\eclipse-workspace\FLipkart\.\src\Drivers&amp;Files\chromedriver.exe
	at com.google.common.base.Preconditions.checkState(Preconditions.java:585)
	at org.openqa.selenium.remote.service.DriverService.checkExecutable(DriverService.java:146)
	at org.openqa.selenium.remote.service.DriverService.findExecutable(DriverService.java:141)
	at org.openqa.selenium.chrome.ChromeDriverService.access$000(ChromeDriverService.java:35)
	at org.openqa.selenium.chrome.ChromeDriverService$Builder.findDefaultExecutable(ChromeDriverService.java:159)
	at org.openqa.selenium.remote.service.DriverService$Builder.build(DriverService.java:355)
	at org.openqa.selenium.chrome.ChromeDriverService.createDefaultService(ChromeDriverService.java:94)
	at org.openqa.selenium.chrome.ChromeDriver.&lt;init&gt;(ChromeDriver.java:123)
	at common.BaseClass.ChromeBrowserSetup(BaseClass.java:18)
... Removed 26 stack frames</div></td></tr></table><p class="totop"><a href="#summary">back to summary</a></p>
<h3 id="m5">mainTestCases.Flipkart_login#login_usecases</h3><table class="result"><tr><th>Exception</th></tr><tr><td><div class="stacktrace">java.lang.RuntimeException: java.io.FileNotFoundException: .\src\Drivers&amp;Files\pwd.xls (The system cannot find the path specified)
Caused by: java.io.FileNotFoundException: .\src\Drivers&amp;Files\pwd.xls (The system cannot find the path specified)
	at java.io.FileInputStream.open0(Native Method)
	at java.io.FileInputStream.open(Unknown Source)
	at java.io.FileInputStream.&lt;init&gt;(Unknown Source)
	at common.DataProviders.GetInput(DataProviders.java:21)
	at common.DataProviders.Login(DataProviders.java:44)
	... 22 more
... Removed 30 stack frames</div></td></tr></table><p class="totop"><a href="#summary">back to summary</a></p>
</body>
</html>
