<?xml version="1.0" encoding="UTF-8"?>
<!-- Generated by org.testng.reporters.JUnitXMLReporter -->
<testsuite hostname="DESKTOP-VADQQAC" ignored="1" name="AllTestScenarios" tests="3" failures="0" timestamp="11 Dec 2020 07:00:35 GMT" time="0.142" errors="0">
  <testcase name="@BeforeClass ChromeBrowserSetup" time="0.077" classname="common.BaseClass">
    <failure type="java.lang.IllegalStateException" message="The driver executable does not exist: C:\Users\Admin\eclipse-workspace\FLipkart\.\src\Drivers&amp;amp;Files\chromedriver.exe">
      <![CDATA[java.lang.IllegalStateException: The driver executable does not exist: C:\Users\Admin\eclipse-workspace\FLipkart\.\src\Drivers&Files\chromedriver.exe
at com.google.common.base.Preconditions.checkState(Preconditions.java:585)
at org.openqa.selenium.remote.service.DriverService.checkExecutable(DriverService.java:146)
at org.openqa.selenium.remote.service.DriverService.findExecutable(DriverService.java:141)
at org.openqa.selenium.chrome.ChromeDriverService.access$000(ChromeDriverService.java:35)
at org.openqa.selenium.chrome.ChromeDriverService$Builder.findDefaultExecutable(ChromeDriverService.java:159)
at org.openqa.selenium.remote.service.DriverService$Builder.build(DriverService.java:355)
at org.openqa.selenium.chrome.ChromeDriverService.createDefaultService(ChromeDriverService.java:94)
at org.openqa.selenium.chrome.ChromeDriver.<init>(ChromeDriver.java:123)
at common.BaseClass.ChromeBrowserSetup(BaseClass.java:18)
... Removed 26 stack frames]]>
    </failure>
  </testcase> <!-- @BeforeClass ChromeBrowserSetup -->
  <testcase name="@BeforeClass ChromeBrowserSetup" time="0.004" classname="common.BaseClass">
    <failure type="java.lang.IllegalStateException" message="The driver executable does not exist: C:\Users\Admin\eclipse-workspace\FLipkart\.\src\Drivers&amp;amp;Files\chromedriver.exe">
      <![CDATA[java.lang.IllegalStateException: The driver executable does not exist: C:\Users\Admin\eclipse-workspace\FLipkart\.\src\Drivers&Files\chromedriver.exe
at com.google.common.base.Preconditions.checkState(Preconditions.java:585)
at org.openqa.selenium.remote.service.DriverService.checkExecutable(DriverService.java:146)
at org.openqa.selenium.remote.service.DriverService.findExecutable(DriverService.java:141)
at org.openqa.selenium.chrome.ChromeDriverService.access$000(ChromeDriverService.java:35)
at org.openqa.selenium.chrome.ChromeDriverService$Builder.findDefaultExecutable(ChromeDriverService.java:159)
at org.openqa.selenium.remote.service.DriverService$Builder.build(DriverService.java:355)
at org.openqa.selenium.chrome.ChromeDriverService.createDefaultService(ChromeDriverService.java:94)
at org.openqa.selenium.chrome.ChromeDriver.<init>(ChromeDriver.java:123)
at common.BaseClass.ChromeBrowserSetup(BaseClass.java:18)
... Removed 26 stack frames]]>
    </failure>
  </testcase> <!-- @BeforeClass ChromeBrowserSetup -->
  <testcase name="login_usecases" time="0.0" classname="mainTestCases.Flipkart_login">
    <skipped/>
  </testcase> <!-- login_usecases -->
  <testcase name="login" time="0.0" classname="mainTestCases.Addtocart">
    <skipped/>
  </testcase> <!-- login -->
  <testcase name="addtocart" time="0.0" classname="mainTestCases.Addtocart">
    <skipped/>
  </testcase> <!-- addtocart -->
  <testcase name="@AfterSuite closebrowser" time="0.0" classname="common.BaseClass">
    <ignored/>
  </testcase> <!-- @AfterSuite closebrowser -->
</testsuite> <!-- AllTestScenarios -->
